<?xml version="1.0" encoding="UTF-8"?>
<!-- Generated by org.testng.reporters.JUnitReportReporter -->
<testsuite hostname="DESKTOP-4UAQQMP" failures="0" tests="1" name="tests.TextBoxTests" time="17.803" errors="0" timestamp="2023-12-20T22:35:18 CET" skipped="0">
  <testcase classname="tests.TextBoxTests" name="keyBoardEventTest" time="17.803"/>
</testsuite> <!-- tests.TextBoxTests -->
